2026-02-12 23:26:08 - airbnb_api - INFO - Starting TravelHub API...
2026-02-12 23:26:08 - airbnb_api - INFO - Background scheduler started
2026-02-12 23:26:10 - airbnb_api - INFO - Starting TravelHub API...
2026-02-12 23:26:10 - airbnb_api - INFO - Background scheduler started
2026-02-12 23:26:10 - airbnb_api - INFO - API startup complete
2026-02-12 23:27:27 - airbnb_api - INFO - API shutting down
2026-02-12 23:27:29 - airbnb_api - INFO - Starting TravelHub API...
2026-02-12 23:27:29 - airbnb_api - INFO - Background scheduler started
2026-02-12 23:27:29 - airbnb_api - INFO - API startup complete
2026-02-12 23:28:34 - airbnb_api - INFO - Request: POST /auth/auth/login
2026-02-12 23:28:34 - airbnb_api - INFO - Client: 127.0.0.1
2026-02-12 23:28:34 - airbnb_api - INFO - Request Body: {
  "email": "ravindra.kemble@simplelogic.in",
  "password": "1122344"
}
2026-02-12 23:28:34 - airbnb_api - INFO - Response: 404 - Time: 0.000s
2026-02-12 23:28:50 - airbnb_api - INFO - Request: POST /auth/auth/login
2026-02-12 23:28:50 - airbnb_api - INFO - Client: 127.0.0.1
2026-02-12 23:28:50 - airbnb_api - INFO - Request Body: {
  "email": "ravindra.kemble@simplelogic.in",
  "password": "1122344"
}
2026-02-12 23:28:50 - airbnb_api - INFO - Response: 404 - Time: 0.007s
2026-02-12 23:30:15 - airbnb_api - INFO - Request: POST /auth/auth/login
2026-02-12 23:30:15 - airbnb_api - INFO - Client: 127.0.0.1
2026-02-12 23:30:15 - airbnb_api - INFO - Request Body: {
  "email": "ravindra.kemble@simplelogic.in",
  "password": "1122344"
}
2026-02-12 23:30:15 - airbnb_api - INFO - Response: 404 - Time: 0.004s
2026-02-12 23:30:40 - airbnb_api - INFO - Request: POST /auth/auth/login
2026-02-12 23:30:40 - airbnb_api - INFO - Client: 127.0.0.1
2026-02-12 23:30:40 - airbnb_api - INFO - Request Body: {
  "email": "ravindra.kemble@simplelogic.in",
  "password": "1122344"
}
2026-02-12 23:30:40 - airbnb_api - INFO - Response: 404 - Time: 0.036s
2026-02-12 23:30:50 - airbnb_api - INFO - Request: POST /auth/auth/login
2026-02-12 23:30:50 - airbnb_api - INFO - Client: 127.0.0.1
2026-02-12 23:30:50 - airbnb_api - INFO - Request Body: {
  "email": "ravindra.kemble@simplelogic.in",
  "password": "112344"
}
2026-02-12 23:30:50 - airbnb_api - INFO - Response: 404 - Time: 0.005s
2026-02-12 23:33:21 - airbnb_api - INFO - API shutting down
2026-02-12 23:33:23 - airbnb_api - INFO - Starting TravelHub API...
2026-02-12 23:33:23 - airbnb_api - INFO - Background scheduler started
2026-02-12 23:33:23 - airbnb_api - INFO - API startup complete
2026-02-12 23:33:44 - airbnb_api - INFO - Request: GET /docs
2026-02-12 23:33:44 - airbnb_api - INFO - Client: 127.0.0.1
2026-02-12 23:33:44 - airbnb_api - INFO - Response: 200 - Time: 0.000s
2026-02-12 23:33:44 - airbnb_api - INFO - Request: GET /openapi.json
2026-02-12 23:33:44 - airbnb_api - INFO - Client: 127.0.0.1
2026-02-12 23:33:44 - airbnb_api - INFO - Response: 200 - Time: 0.077s
2026-02-12 23:34:16 - airbnb_api - INFO - Request: POST /auth/login
2026-02-12 23:34:16 - airbnb_api - INFO - Client: 127.0.0.1
2026-02-12 23:34:17 - airbnb_api - INFO - Login attempt for user: ravindra.kemble@simplelogic.in
2026-02-12 23:34:17 - airbnb_api - INFO - Login successful for user: ravindra.kemble@simplelogic.in
2026-02-12 23:34:17 - airbnb_api - INFO - Response: 200 - Time: 0.388s
2026-02-12 23:34:49 - airbnb_api - INFO - Request: GET /users/
2026-02-12 23:34:49 - airbnb_api - INFO - Client: 127.0.0.1
2026-02-12 23:34:50 - airbnb_api - INFO - Response: 200 - Time: 0.140s
2026-02-13 00:36:20 - airbnb_api - INFO - API shutting down
2026-02-13 11:30:43 - airbnb_api - INFO - Starting TravelHub API...
2026-02-13 11:30:43 - airbnb_api - INFO - Background scheduler started
2026-02-13 11:30:43 - airbnb_api - INFO - API startup complete
2026-02-13 11:30:51 - airbnb_api - INFO - Request: GET /docs
2026-02-13 11:30:51 - airbnb_api - INFO - Client: 127.0.0.1
2026-02-13 11:30:51 - airbnb_api - INFO - Response: 200 - Time: 0.005s
2026-02-13 11:30:51 - airbnb_api - INFO - Request: GET /openapi.json
2026-02-13 11:30:51 - airbnb_api - INFO - Client: 127.0.0.1
2026-02-13 11:30:51 - airbnb_api - INFO - Response: 200 - Time: 0.050s
2026-02-13 11:31:52 - airbnb_api - INFO - API shutting down
2026-02-13 11:31:56 - airbnb_api - INFO - Starting TravelHub API...
2026-02-13 11:31:56 - airbnb_api - INFO - Background scheduler started
2026-02-13 11:31:56 - airbnb_api - INFO - API startup complete
2026-02-13 11:32:58 - airbnb_api - INFO - API shutting down
2026-02-13 11:33:00 - airbnb_api - INFO - Starting TravelHub API...
2026-02-13 11:33:00 - airbnb_api - INFO - Background scheduler started
2026-02-13 11:33:00 - airbnb_api - INFO - API startup complete
2026-02-13 11:33:24 - airbnb_api - INFO - API shutting down
2026-02-13 11:33:26 - airbnb_api - INFO - Starting TravelHub API...
2026-02-13 11:33:26 - airbnb_api - INFO - Background scheduler started
2026-02-13 11:33:26 - airbnb_api - INFO - API startup complete
2026-02-13 11:35:58 - airbnb_api - INFO - API shutting down
2026-02-13 11:36:01 - airbnb_api - INFO - Starting TravelHub API...
2026-02-13 11:36:01 - airbnb_api - INFO - Background scheduler started
2026-02-13 11:36:01 - airbnb_api - INFO - API startup complete
2026-02-13 11:36:19 - airbnb_api - INFO - Request: GET /docs
2026-02-13 11:36:19 - airbnb_api - INFO - Client: 127.0.0.1
2026-02-13 11:36:19 - airbnb_api - INFO - Response: 200 - Time: 0.006s
2026-02-13 11:36:20 - airbnb_api - INFO - Request: GET /openapi.json
2026-02-13 11:36:20 - airbnb_api - INFO - Client: 127.0.0.1
2026-02-13 11:36:20 - airbnb_api - INFO - Response: 200 - Time: 0.061s
2026-02-13 11:36:55 - airbnb_api - INFO - API shutting down
2026-02-13 11:36:56 - airbnb_api - INFO - Starting TravelHub API...
2026-02-13 11:36:56 - airbnb_api - INFO - Background scheduler started
2026-02-13 11:36:56 - airbnb_api - INFO - API startup complete
2026-02-13 11:37:06 - airbnb_api - INFO - API shutting down
2026-02-13 11:37:08 - airbnb_api - INFO - Starting TravelHub API...
2026-02-13 11:37:08 - airbnb_api - INFO - Background scheduler started
2026-02-13 11:37:08 - airbnb_api - INFO - API startup complete
2026-02-13 11:37:09 - airbnb_api - INFO - Starting TravelHub API...
2026-02-13 11:37:09 - airbnb_api - INFO - Background scheduler started
2026-02-13 11:37:09 - airbnb_api - INFO - API startup complete
2026-02-13 11:37:14 - airbnb_api - INFO - Request: GET /docs
2026-02-13 11:37:14 - airbnb_api - INFO - Client: 127.0.0.1
2026-02-13 11:37:14 - airbnb_api - INFO - Response: 200 - Time: 0.000s
2026-02-13 11:37:14 - airbnb_api - INFO - Request: GET /openapi.json
2026-02-13 11:37:14 - airbnb_api - INFO - Client: 127.0.0.1
2026-02-13 11:37:14 - airbnb_api - INFO - Response: 200 - Time: 0.060s
2026-02-13 11:39:30 - airbnb_api - INFO - API shutting down
2026-02-13 11:39:31 - airbnb_api - INFO - Starting TravelHub API...
2026-02-13 11:39:32 - airbnb_api - INFO - Background scheduler started
2026-02-13 11:39:32 - airbnb_api - INFO - API startup complete
2026-02-13 11:39:54 - airbnb_api - INFO - Request: POST /auth/login
2026-02-13 11:39:54 - airbnb_api - INFO - Client: 127.0.0.1
2026-02-13 11:39:54 - airbnb_api - INFO - Login attempt for user: ravindra.kemble@simplelogic.in
2026-02-13 11:39:54 - airbnb_api - WARNING - Login failed for user: ravindra.kemble@simplelogic.in
2026-02-13 11:39:54 - airbnb_api - INFO - Response: 401 - Time: 0.187s
2026-02-13 11:40:31 - airbnb_api - INFO - Request: POST /auth/login
2026-02-13 11:40:31 - airbnb_api - INFO - Client: 127.0.0.1
2026-02-13 11:40:31 - airbnb_api - INFO - Login attempt for user: ravindra.kemble@simplelogic.in
2026-02-13 11:40:31 - airbnb_api - INFO - Login successful for user: ravindra.kemble@simplelogic.in
2026-02-13 11:40:31 - airbnb_api - ERROR - Error: 1 validation error:
  {'type': 'missing', 'loc': ('response', 'token'), 'msg': 'Field required', 'input': {'access_token': 'eyJhbGciOiJIUzI1NiIsInR5cCI6IkpXVCJ9.eyJzdWIiOiI4M2ZlMDg0OS02MGUyLTQ3M2UtOGMyNC1kODg1NTg4YjJkNTEiLCJleHAiOjE3NzA5NjM5MzF9.3bm3Ripn9HO7n0xdZP5j-RXDA8xotFWzcaFeh20QzfI', 'token_type': 'bearer'}}

  File "C:\Users\ravindra.kemble\Desktop\testing\AirBnB\app\api\auth.py", line 47, in login
    POST /auth/login - Time: 0.132s
2026-02-13 11:43:01 - airbnb_api - INFO - API shutting down
2026-02-13 11:43:03 - airbnb_api - INFO - Starting TravelHub API...
2026-02-13 11:43:03 - airbnb_api - INFO - Background scheduler started
2026-02-13 11:43:03 - airbnb_api - INFO - API startup complete
2026-02-13 11:43:15 - airbnb_api - INFO - Request: POST /auth/login
2026-02-13 11:43:15 - airbnb_api - INFO - Client: 127.0.0.1
2026-02-13 11:43:15 - airbnb_api - INFO - Login attempt for user: ravindra.kemble@simplelogic.in
2026-02-13 11:43:16 - airbnb_api - INFO - Login successful for user: ravindra.kemble@simplelogic.in
2026-02-13 11:43:16 - airbnb_api - INFO - Response: 200 - Time: 0.199s
2026-02-13 11:43:48 - airbnb_api - INFO - Request: GET /users/me
2026-02-13 11:43:48 - airbnb_api - INFO - Client: 127.0.0.1
2026-02-13 11:43:48 - airbnb_api - INFO - Response: 200 - Time: 0.047s
2026-02-13 11:44:57 - airbnb_api - INFO - API shutting down
2026-02-13 12:15:32 - airbnb_api - INFO - Starting TravelHub API...
2026-02-13 12:15:32 - airbnb_api - INFO - Background scheduler started
2026-02-13 12:15:32 - airbnb_api - INFO - API startup complete
2026-02-13 12:16:14 - airbnb_api - INFO - Request: GET /docs
2026-02-13 12:16:14 - airbnb_api - INFO - Client: 127.0.0.1
2026-02-13 12:16:14 - airbnb_api - INFO - Response: 200 - Time: 0.001s
2026-02-13 12:16:14 - airbnb_api - INFO - Request: GET /openapi.json
2026-02-13 12:16:14 - airbnb_api - INFO - Client: 127.0.0.1
2026-02-13 12:16:14 - airbnb_api - INFO - Response: 200 - Time: 0.109s
2026-02-13 12:24:27 - airbnb_api - INFO - API shutting down
2026-02-13 12:24:30 - airbnb_api - INFO - Starting TravelHub API...
2026-02-13 12:24:30 - airbnb_api - INFO - Background scheduler started
2026-02-13 12:24:30 - airbnb_api - INFO - API startup complete
2026-02-13 12:24:54 - airbnb_api - INFO - API shutting down
2026-02-13 12:24:58 - airbnb_api - INFO - Starting TravelHub API...
2026-02-13 12:24:58 - airbnb_api - INFO - Background scheduler started
2026-02-13 12:24:58 - airbnb_api - INFO - API startup complete
2026-02-13 12:28:11 - airbnb_api - INFO - Request: GET /docs
2026-02-13 12:28:11 - airbnb_api - INFO - Client: 127.0.0.1
2026-02-13 12:28:11 - airbnb_api - INFO - Response: 200 - Time: 0.032s
2026-02-13 12:28:11 - airbnb_api - INFO - Request: GET /openapi.json
2026-02-13 12:28:11 - airbnb_api - INFO - Client: 127.0.0.1
2026-02-13 12:28:11 - airbnb_api - INFO - Response: 200 - Time: 0.167s
2026-02-13 12:28:20 - airbnb_api - INFO - Request: GET /invoice/bookings/f434bdc7-d57c-4ca4-bf38-527ca7d270f2/invoice
2026-02-13 12:28:20 - airbnb_api - INFO - Client: 127.0.0.1
2026-02-13 12:28:20 - airbnb_api - INFO - Response: 401 - Time: 0.032s
2026-02-13 12:28:45 - airbnb_api - INFO - Request: POST /auth/login
2026-02-13 12:28:45 - airbnb_api - INFO - Client: 127.0.0.1
2026-02-13 12:28:45 - airbnb_api - INFO - Login attempt for user: ravindra.kemble@simplelogic.in
2026-02-13 12:28:45 - airbnb_api - INFO - Login successful for user: ravindra.kemble@simplelogic.in
2026-02-13 12:28:45 - airbnb_api - INFO - Response: 200 - Time: 0.200s
2026-02-13 12:29:04 - airbnb_api - INFO - Request: GET /invoice/bookings/f434bdc7-d57c-4ca4-bf38-527ca7d270f2/invoice
2026-02-13 12:29:04 - airbnb_api - INFO - Client: 127.0.0.1
2026-02-13 12:29:04 - airbnb_api - ERROR - Error: [Errno 2] No such file or directory: '/mnt/data/INV-21FC35D1.pdf' - Time: 0.055s
2026-02-13 12:31:08 - airbnb_api - INFO - API shutting down
2026-02-13 12:31:12 - airbnb_api - INFO - Starting TravelHub API...
2026-02-13 12:31:12 - airbnb_api - INFO - Background scheduler started
2026-02-13 12:31:12 - airbnb_api - INFO - API startup complete
2026-02-13 12:31:19 - airbnb_api - INFO - Request: GET /invoice/bookings/f434bdc7-d57c-4ca4-bf38-527ca7d270f2/invoice
2026-02-13 12:31:19 - airbnb_api - INFO - Client: 127.0.0.1
2026-02-13 12:31:19 - airbnb_api - ERROR - Error: [Errno 2] No such file or directory: '/mnt/data/INV-262613F1.pdf' - Time: 0.198s
2026-02-13 12:32:03 - airbnb_api - INFO - API shutting down
2026-02-13 12:32:06 - airbnb_api - INFO - Starting TravelHub API...
2026-02-13 12:32:06 - airbnb_api - INFO - Background scheduler started
2026-02-13 12:32:06 - airbnb_api - INFO - API startup complete
2026-02-13 12:32:06 - airbnb_api - INFO - Request: GET /invoice/bookings/f434bdc7-d57c-4ca4-bf38-527ca7d270f2/invoice
2026-02-13 12:32:06 - airbnb_api - INFO - Client: 127.0.0.1
2026-02-13 12:32:06 - airbnb_api - ERROR - Error: [Errno 2] No such file or directory: 'invoice_dir/INV-1A5E4913.pdf' - Time: 0.172s
2026-02-13 12:32:12 - airbnb_api - INFO - API shutting down
2026-02-13 12:32:14 - airbnb_api - INFO - Starting TravelHub API...
2026-02-13 12:32:14 - airbnb_api - INFO - Background scheduler started
2026-02-13 12:32:14 - airbnb_api - INFO - API startup complete
2026-02-13 12:32:35 - airbnb_api - INFO - API shutting down
2026-02-13 12:32:37 - airbnb_api - INFO - Starting TravelHub API...
2026-02-13 12:32:37 - airbnb_api - INFO - Background scheduler started
2026-02-13 12:32:37 - airbnb_api - INFO - API startup complete
2026-02-13 12:32:41 - airbnb_api - INFO - Request: GET /invoice/bookings/f434bdc7-d57c-4ca4-bf38-527ca7d270f2/invoice
2026-02-13 12:32:41 - airbnb_api - INFO - Client: 127.0.0.1
2026-02-13 12:32:41 - airbnb_api - INFO - Response: 200 - Time: 0.058s
2026-02-13 12:39:20 - airbnb_api - INFO - API shutting down
2026-02-13 12:39:23 - airbnb_api - INFO - Starting TravelHub API...
2026-02-13 12:39:23 - airbnb_api - INFO - Background scheduler started
2026-02-13 12:39:23 - airbnb_api - INFO - API startup complete
2026-02-13 12:39:26 - airbnb_api - INFO - Starting TravelHub API...
2026-02-13 12:39:26 - airbnb_api - INFO - Background scheduler started
2026-02-13 12:39:26 - airbnb_api - INFO - API startup complete
2026-02-13 12:39:47 - airbnb_api - INFO - API shutting down
2026-02-13 12:39:49 - airbnb_api - INFO - Starting TravelHub API...
2026-02-13 12:39:49 - airbnb_api - INFO - Background scheduler started
2026-02-13 12:39:49 - airbnb_api - INFO - API startup complete
2026-02-13 12:40:58 - airbnb_api - INFO - API shutting down
2026-02-13 12:41:00 - airbnb_api - INFO - Starting TravelHub API...
2026-02-13 12:41:00 - airbnb_api - INFO - Background scheduler started
2026-02-13 12:41:00 - airbnb_api - INFO - API startup complete
2026-02-13 12:42:12 - airbnb_api - INFO - API shutting down
2026-02-13 12:42:15 - airbnb_api - INFO - Starting TravelHub API...
2026-02-13 12:42:15 - airbnb_api - INFO - Background scheduler started
2026-02-13 12:42:15 - airbnb_api - INFO - API startup complete
2026-02-13 12:54:39 - airbnb_api - INFO - API shutting down
2026-02-13 12:54:45 - airbnb_api - INFO - Starting TravelHub API...
2026-02-13 12:54:45 - airbnb_api - INFO - Background scheduler started
2026-02-13 12:54:45 - airbnb_api - INFO - API startup complete
2026-02-13 12:58:02 - airbnb_api - INFO - API shutting down
2026-02-13 12:58:04 - airbnb_api - INFO - Starting TravelHub API...
2026-02-13 12:58:05 - airbnb_api - INFO - Background scheduler started
2026-02-13 12:58:05 - airbnb_api - INFO - API startup complete
2026-02-13 12:59:50 - airbnb_api - INFO - API shutting down
2026-02-13 12:59:53 - airbnb_api - INFO - Starting TravelHub API...
2026-02-13 12:59:53 - airbnb_api - INFO - Background scheduler started
2026-02-13 12:59:53 - airbnb_api - INFO - API startup complete
2026-02-13 13:01:19 - airbnb_api - INFO - API shutting down
2026-02-13 13:01:21 - airbnb_api - INFO - Starting TravelHub API...
2026-02-13 13:01:21 - airbnb_api - INFO - Background scheduler started
2026-02-13 13:01:21 - airbnb_api - INFO - API startup complete
2026-02-13 13:03:22 - airbnb_api - INFO - API shutting down
2026-02-13 13:03:24 - airbnb_api - INFO - Starting TravelHub API...
2026-02-13 13:03:24 - airbnb_api - INFO - Background scheduler started
2026-02-13 13:03:24 - airbnb_api - INFO - API startup complete
2026-02-13 13:03:26 - airbnb_api - INFO - API shutting down
2026-02-13 13:03:28 - airbnb_api - INFO - Starting TravelHub API...
2026-02-13 13:03:28 - airbnb_api - INFO - Background scheduler started
2026-02-13 13:03:28 - airbnb_api - INFO - API startup complete
2026-02-13 13:05:02 - airbnb_api - INFO - API shutting down
2026-02-13 13:05:04 - airbnb_api - INFO - Starting TravelHub API...
2026-02-13 13:05:04 - airbnb_api - INFO - Background scheduler started
2026-02-13 13:05:04 - airbnb_api - INFO - API startup complete
2026-02-13 13:05:47 - airbnb_api - INFO - API shutting down
2026-02-13 13:05:49 - airbnb_api - INFO - Starting TravelHub API...
2026-02-13 13:05:49 - airbnb_api - INFO - Background scheduler started
2026-02-13 13:05:49 - airbnb_api - INFO - API startup complete
2026-02-13 13:06:20 - airbnb_api - INFO - Request: GET /docs
2026-02-13 13:06:20 - airbnb_api - INFO - Client: 127.0.0.1
2026-02-13 13:06:20 - airbnb_api - INFO - Response: 200 - Time: 0.000s
2026-02-13 13:06:20 - airbnb_api - INFO - Request: GET /openapi.json
2026-02-13 13:06:20 - airbnb_api - INFO - Client: 127.0.0.1
2026-02-13 13:06:20 - airbnb_api - INFO - Response: 200 - Time: 0.082s
2026-02-13 13:06:43 - airbnb_api - INFO - Request: POST /auth/login
2026-02-13 13:06:43 - airbnb_api - INFO - Client: 127.0.0.1
2026-02-13 13:06:43 - airbnb_api - INFO - Login attempt for user: ravindra.kemble@simplelogic.in
2026-02-13 13:06:43 - airbnb_api - INFO - Login successful for user: ravindra.kemble@simplelogic.in
2026-02-13 13:06:43 - airbnb_api - INFO - Response: 200 - Time: 0.321s
2026-02-13 13:10:16 - airbnb_api - INFO - Request: POST /reviews/create_review
2026-02-13 13:10:16 - airbnb_api - INFO - Client: 127.0.0.1
2026-02-13 13:10:16 - airbnb_api - INFO - Request Body: {
  "hotel_id": "f3e24529-bd0a-4d3b-a4d8-bd9d3db7d98e",
  "user_id": "83fe0849-60e2-473e-8c24-d885588b2d51",
  "booking_id": "f434bdc7-d57c-4ca4-bf38-527ca7d270f6",
  "rating": 8,
  "comment": "Good service"
}
2026-02-13 13:10:16 - airbnb_api - INFO - Response: 404 - Time: 0.073s
2026-02-13 13:10:24 - airbnb_api - INFO - Request: POST /reviews/create_review
2026-02-13 13:10:24 - airbnb_api - INFO - Client: 127.0.0.1
2026-02-13 13:10:24 - airbnb_api - INFO - Request Body: {
  "hotel_id": "f3e24529-bd0a-4d3b-a4d8-bd9d3db7d98e",
  "user_id": "83fe0849-60e2-473e-8c24-d885588b2d51",
  "booking_id": "f434bdc7-d57c-4ca4-bf38-527ca7d270f2",
  "rating": 8,
  "comment": "Good service"
}
2026-02-13 13:10:24 - airbnb_api - ERROR - Error: (pymysql.err.OperationalError) (3819, "Check constraint 'tbl_reviews_chk_1' is violated.")
[SQL: INSERT INTO tbl_reviews (id, user_id, hotel_id, booking_id, rating, comment, created_at) VALUES (%(id)s, %(user_id)s, %(hotel_id)s, %(booking_id)s, %(rating)s, %(comment)s, %(created_at)s)]
[parameters: {'id': '7449fd8c-e5bd-475a-9141-d6dbf07bbda8', 'user_id': '83fe0849-60e2-473e-8c24-d885588b2d51', 'hotel_id': 'f3e24529-bd0a-4d3b-a4d8-bd9d3db7d98e', 'booking_id': 'f434bdc7-d57c-4ca4-bf38-527ca7d270f2', 'rating': 8, 'comment': 'Good service', 'created_at': datetime.datetime(2026, 2, 13, 7, 40, 24, 810876)}]
(Background on this error at: https://sqlalche.me/e/20/e3q8) - Time: 0.082s
2026-02-13 13:11:24 - airbnb_api - INFO - Request: POST /reviews/create_review
2026-02-13 13:11:24 - airbnb_api - INFO - Client: 127.0.0.1
2026-02-13 13:11:24 - airbnb_api - INFO - Request Body: {
  "hotel_id": "f3e24529-bd0a-4d3b-a4d8-bd9d3db7d98e",
  "user_id": "83fe0849-60e2-473e-8c24-d885588b2d51",
  "booking_id": "f434bdc7-d57c-4ca4-bf38-527ca7d270f2",
  "rating": 5,
  "comment": "Good service"
}
2026-02-13 13:11:24 - airbnb_api - INFO - Review created: b554e348-3b4d-4a3c-a40e-44dbc92ecde7 by user 83fe0849-60e2-473e-8c24-d885588b2d51
2026-02-13 13:11:24 - airbnb_api - INFO - Response: 200 - Time: 0.084s
2026-02-13 13:11:54 - airbnb_api - INFO - Request: GET /reviews/f3e24529-bd0a-4d3b-a4d8-bd9d3db7d98e/reviews
2026-02-13 13:11:54 - airbnb_api - INFO - Client: 127.0.0.1
2026-02-13 13:11:54 - airbnb_api - INFO - Response: 200 - Time: 0.020s
2026-02-13 13:16:48 - airbnb_api - INFO - API shutting down
2026-02-13 13:16:51 - airbnb_api - INFO - Starting TravelHub API...
2026-02-13 13:16:51 - airbnb_api - INFO - Background scheduler started
2026-02-13 13:16:51 - airbnb_api - INFO - API startup complete
2026-02-13 13:17:36 - airbnb_api - INFO - API shutting down
2026-02-13 13:17:38 - airbnb_api - INFO - Starting TravelHub API...
2026-02-13 13:17:38 - airbnb_api - INFO - Background scheduler started
2026-02-13 13:17:38 - airbnb_api - INFO - API startup complete
2026-02-13 13:17:44 - airbnb_api - INFO - Request: GET /reviews/f3e24529-bd0a-4d3b-a4d8-bd9d3db7d98e/reviews
2026-02-13 13:17:44 - airbnb_api - INFO - Client: 127.0.0.1
2026-02-13 13:17:44 - airbnb_api - ERROR - Error: Don't know how to join to <Mapper at 0x26c725e03d0; User>. Please use the .select_from() method to establish an explicit left side, as well as providing an explicit ON clause if not present already to help resolve the ambiguity. - Time: 0.108s
2026-02-13 13:20:06 - airbnb_api - INFO - API shutting down
2026-02-13 13:20:08 - airbnb_api - INFO - Starting TravelHub API...
2026-02-13 13:20:08 - airbnb_api - INFO - Background scheduler started
2026-02-13 13:20:08 - airbnb_api - INFO - API startup complete
2026-02-13 13:20:10 - airbnb_api - INFO - Request: GET /reviews/f3e24529-bd0a-4d3b-a4d8-bd9d3db7d98e/reviews
2026-02-13 13:20:10 - airbnb_api - INFO - Client: 127.0.0.1
2026-02-13 13:20:10 - airbnb_api - ERROR - Error: relationship 'user' expects a class or a mapper argument (received: <class 'sqlalchemy.sql.schema.Table'>) - Time: 0.029s
2026-02-13 13:21:00 - airbnb_api - INFO - API shutting down
2026-02-13 13:21:02 - airbnb_api - INFO - Starting TravelHub API...
2026-02-13 13:21:02 - airbnb_api - INFO - Background scheduler started
2026-02-13 13:21:02 - airbnb_api - INFO - API startup complete
2026-02-13 13:21:03 - airbnb_api - INFO - Request: GET /reviews/f3e24529-bd0a-4d3b-a4d8-bd9d3db7d98e/reviews
2026-02-13 13:21:03 - airbnb_api - INFO - Client: 127.0.0.1
2026-02-13 13:21:03 - airbnb_api - ERROR - Error: relationship 'user' expects a class or a mapper argument (received: <class 'sqlalchemy.sql.schema.Table'>) - Time: 0.019s
2026-02-13 13:21:26 - airbnb_api - INFO - API shutting down
2026-02-13 13:21:29 - airbnb_api - INFO - Starting TravelHub API...
2026-02-13 13:21:29 - airbnb_api - INFO - Background scheduler started
2026-02-13 13:21:29 - airbnb_api - INFO - API startup complete
2026-02-13 13:21:31 - airbnb_api - INFO - Starting TravelHub API...
2026-02-13 13:21:31 - airbnb_api - INFO - Background scheduler started
2026-02-13 13:21:31 - airbnb_api - INFO - API startup complete
2026-02-13 13:21:33 - airbnb_api - INFO - Starting TravelHub API...
2026-02-13 13:21:33 - airbnb_api - INFO - Background scheduler started
2026-02-13 13:21:33 - airbnb_api - INFO - API startup complete
2026-02-13 13:21:37 - airbnb_api - INFO - API shutting down
2026-02-13 13:21:39 - airbnb_api - INFO - Starting TravelHub API...
2026-02-13 13:21:39 - airbnb_api - INFO - Background scheduler started
2026-02-13 13:21:39 - airbnb_api - INFO - API startup complete
2026-02-13 13:21:40 - airbnb_api - INFO - API shutting down
2026-02-13 13:21:42 - airbnb_api - INFO - Starting TravelHub API...
2026-02-13 13:21:42 - airbnb_api - INFO - Background scheduler started
2026-02-13 13:21:42 - airbnb_api - INFO - API startup complete
2026-02-13 13:21:47 - airbnb_api - INFO - Request: GET /reviews/f3e24529-bd0a-4d3b-a4d8-bd9d3db7d98e/reviews
2026-02-13 13:21:47 - airbnb_api - INFO - Client: 127.0.0.1
2026-02-13 13:21:47 - airbnb_api - ERROR - Error: relationship 'user' expects a class or a mapper argument (received: <class 'sqlalchemy.sql.schema.Table'>) - Time: 0.022s
2026-02-13 13:21:51 - airbnb_api - INFO - API shutting down
2026-02-13 13:21:53 - airbnb_api - INFO - Starting TravelHub API...
2026-02-13 13:21:53 - airbnb_api - INFO - Background scheduler started
2026-02-13 13:21:53 - airbnb_api - INFO - API startup complete
2026-02-13 13:23:10 - airbnb_api - INFO - API shutting down
2026-02-13 13:23:13 - airbnb_api - INFO - Starting TravelHub API...
2026-02-13 13:23:13 - airbnb_api - INFO - Background scheduler started
2026-02-13 13:23:13 - airbnb_api - INFO - API startup complete
2026-02-13 13:23:15 - airbnb_api - INFO - Request: GET /reviews/f3e24529-bd0a-4d3b-a4d8-bd9d3db7d98e/reviews
2026-02-13 13:23:15 - airbnb_api - INFO - Client: 127.0.0.1
2026-02-13 13:23:15 - airbnb_api - ERROR - Error: Could not determine join condition between parent/child tables on relationship User.reviews - there are no foreign keys linking these tables.  Ensure that referencing columns are associated with a ForeignKey or ForeignKeyConstraint, or specify a 'primaryjoin' expression. - Time: 0.005s
2026-02-13 13:23:52 - airbnb_api - INFO - API shutting down
2026-02-13 13:23:54 - airbnb_api - INFO - Starting TravelHub API...
2026-02-13 13:23:54 - airbnb_api - INFO - Background scheduler started
2026-02-13 13:23:54 - airbnb_api - INFO - API startup complete
2026-02-13 13:24:15 - airbnb_api - INFO - API shutting down
2026-02-13 13:24:17 - airbnb_api - INFO - Starting TravelHub API...
2026-02-13 13:24:17 - airbnb_api - INFO - Background scheduler started
2026-02-13 13:24:17 - airbnb_api - INFO - API startup complete
2026-02-13 13:28:09 - airbnb_api - INFO - API shutting down
2026-02-13 13:28:12 - airbnb_api - INFO - Starting TravelHub API...
2026-02-13 13:28:12 - airbnb_api - INFO - Background scheduler started
2026-02-13 13:28:12 - airbnb_api - INFO - API startup complete
2026-02-13 13:28:35 - airbnb_api - INFO - API shutting down
2026-02-13 13:28:37 - airbnb_api - INFO - Starting TravelHub API...
2026-02-13 13:28:37 - airbnb_api - INFO - Background scheduler started
2026-02-13 13:28:37 - airbnb_api - INFO - API startup complete
2026-02-13 13:28:38 - airbnb_api - INFO - Request: GET /reviews/f3e24529-bd0a-4d3b-a4d8-bd9d3db7d98e/reviews
2026-02-13 13:28:38 - airbnb_api - INFO - Client: 127.0.0.1
2026-02-13 13:28:38 - airbnb_api - ERROR - Error: Textual SQL expression '\n        SELECT r.id,u.na...' should be explicitly declared as text('\n        SELECT r.id,u.na...') - Time: 0.007s
2026-02-13 13:28:39 - airbnb_api - INFO - Request: GET /reviews/f3e24529-bd0a-4d3b-a4d8-bd9d3db7d98e/reviews
2026-02-13 13:28:39 - airbnb_api - INFO - Client: 127.0.0.1
2026-02-13 13:28:39 - airbnb_api - ERROR - Error: Textual SQL expression '\n        SELECT r.id,u.na...' should be explicitly declared as text('\n        SELECT r.id,u.na...') - Time: 0.005s
2026-02-13 13:29:36 - airbnb_api - INFO - API shutting down
2026-02-13 13:29:38 - airbnb_api - INFO - Starting TravelHub API...
2026-02-13 13:29:38 - airbnb_api - INFO - Background scheduler started
2026-02-13 13:29:38 - airbnb_api - INFO - API startup complete
2026-02-13 13:29:38 - airbnb_api - INFO - Request: GET /reviews/f3e24529-bd0a-4d3b-a4d8-bd9d3db7d98e/reviews
2026-02-13 13:29:38 - airbnb_api - INFO - Client: 127.0.0.1
2026-02-13 13:29:39 - airbnb_api - ERROR - Error: (pymysql.err.OperationalError) (1054, "Unknown column 'u.name' in 'field list'")
[SQL: 
        SELECT r.id,u.name as user_name, r.hotel_id, r.user_id, r.booking_id, r.rating, r.comment
        FROM tbl_reviews r
        JOIN tbl_users u ON r.user_id = u.id
        WHERE r.hotel_id = %(hotel_id)s
        ORDER BY r.created_at DESC
    ]
[parameters: {'hotel_id': 'f3e24529-bd0a-4d3b-a4d8-bd9d3db7d98e'}]
(Background on this error at: https://sqlalche.me/e/20/e3q8) - Time: 0.139s
2026-02-13 13:32:02 - airbnb_api - INFO - API shutting down
2026-02-13 13:32:04 - airbnb_api - INFO - Starting TravelHub API...
2026-02-13 13:32:04 - airbnb_api - INFO - Background scheduler started
2026-02-13 13:32:04 - airbnb_api - INFO - API startup complete
2026-02-13 13:32:09 - airbnb_api - INFO - Request: GET /reviews/f3e24529-bd0a-4d3b-a4d8-bd9d3db7d98e/reviews
2026-02-13 13:32:09 - airbnb_api - INFO - Client: 127.0.0.1
2026-02-13 13:32:09 - airbnb_api - ERROR - Error: 1 validation error:
  {'type': 'missing', 'loc': ('response', 0, 'user'), 'msg': 'Field required', 'input': ('b554e348-3b4d-4a3c-a40e-44dbc92ecde7', 'Ravindra Ramchandra Kemble', 'f3e24529-bd0a-4d3b-a4d8-bd9d3db7d98e', '83fe0849-60e2-473e-8c24-d885588b2d51', 'f434bdc7-d57c-4ca4-bf38-527ca7d270f2', 5, 'Good service')}

  File "C:\Users\ravindra.kemble\Desktop\testing\AirBnB\app\api\review.py", line 47, in get_reviews_by_hotel
    GET /reviews/{hotel_id}/reviews - Time: 0.057s
2026-02-13 13:37:18 - airbnb_api - INFO - API shutting down
2026-02-13 13:37:22 - airbnb_api - INFO - Starting TravelHub API...
2026-02-13 13:37:22 - airbnb_api - INFO - Background scheduler started
2026-02-13 13:37:22 - airbnb_api - INFO - API startup complete
2026-02-13 13:37:24 - airbnb_api - INFO - Starting TravelHub API...
2026-02-13 13:37:24 - airbnb_api - INFO - Background scheduler started
2026-02-13 13:37:24 - airbnb_api - INFO - API startup complete
2026-02-13 13:37:27 - airbnb_api - INFO - API shutting down
2026-02-13 13:37:29 - airbnb_api - INFO - Starting TravelHub API...
2026-02-13 13:37:29 - airbnb_api - INFO - Background scheduler started
2026-02-13 13:37:29 - airbnb_api - INFO - API startup complete
2026-02-13 13:37:33 - airbnb_api - INFO - Request: GET /reviews/f3e24529-bd0a-4d3b-a4d8-bd9d3db7d98e/reviews
2026-02-13 13:37:33 - airbnb_api - INFO - Client: 127.0.0.1
2026-02-13 13:37:33 - airbnb_api - INFO - Response: 200 - Time: 0.144s
2026-02-13 15:01:22 - airbnb_api - INFO - API shutting down
2026-02-13 15:01:26 - airbnb_api - INFO - Starting TravelHub API...
2026-02-13 15:01:26 - airbnb_api - INFO - Background scheduler started
2026-02-13 15:01:26 - airbnb_api - INFO - API startup complete
2026-02-13 15:01:27 - airbnb_api - INFO - Starting TravelHub API...
2026-02-13 15:01:27 - airbnb_api - INFO - Background scheduler started
2026-02-13 15:01:27 - airbnb_api - INFO - API startup complete
2026-02-13 15:02:15 - airbnb_api - INFO - API shutting down
2026-02-13 15:02:17 - airbnb_api - INFO - Starting TravelHub API...
2026-02-13 15:02:17 - airbnb_api - INFO - Background scheduler started
2026-02-13 15:02:17 - airbnb_api - INFO - API startup complete
2026-02-13 15:02:25 - airbnb_api - INFO - API shutting down
2026-02-13 15:02:27 - airbnb_api - INFO - Starting TravelHub API...
2026-02-13 15:02:27 - airbnb_api - INFO - Background scheduler started
2026-02-13 15:02:27 - airbnb_api - INFO - API startup complete
2026-02-13 15:05:37 - airbnb_api - INFO - API shutting down
2026-02-13 15:05:39 - airbnb_api - INFO - Starting TravelHub API...
2026-02-13 15:05:39 - airbnb_api - INFO - Background scheduler started
2026-02-13 15:05:39 - airbnb_api - INFO - API startup complete
2026-02-13 15:20:07 - airbnb_api - INFO - Request: GET /docs
2026-02-13 15:20:07 - airbnb_api - INFO - Client: 127.0.0.1
2026-02-13 15:20:07 - airbnb_api - INFO - Response: 200 - Time: 0.043s
2026-02-13 15:20:07 - airbnb_api - INFO - Request: GET /openapi.json
2026-02-13 15:20:07 - airbnb_api - INFO - Client: 127.0.0.1
2026-02-13 15:20:07 - airbnb_api - INFO - Response: 200 - Time: 0.193s
2026-02-13 15:22:46 - airbnb_api - INFO - API shutting down
2026-02-13 15:22:50 - airbnb_api - INFO - Starting TravelHub API...
2026-02-13 15:22:50 - airbnb_api - INFO - Background scheduler started
2026-02-13 15:22:50 - airbnb_api - INFO - API startup complete
2026-02-13 15:22:55 - airbnb_api - INFO - Request: GET /docs
2026-02-13 15:22:55 - airbnb_api - INFO - Client: 127.0.0.1
2026-02-13 15:22:55 - airbnb_api - INFO - Response: 200 - Time: 0.000s
2026-02-13 15:22:55 - airbnb_api - INFO - Request: GET /openapi.json
2026-02-13 15:22:55 - airbnb_api - INFO - Client: 127.0.0.1
2026-02-13 15:22:55 - airbnb_api - INFO - Response: 200 - Time: 0.060s
2026-02-13 15:23:03 - airbnb_api - INFO - Request: GET /bookings/bookings_list
2026-02-13 15:23:03 - airbnb_api - INFO - Client: 127.0.0.1
2026-02-13 15:23:03 - airbnb_api - INFO - Response: 401 - Time: 0.008s
2026-02-13 15:23:32 - airbnb_api - INFO - Request: POST /auth/login
2026-02-13 15:23:32 - airbnb_api - INFO - Client: 127.0.0.1
2026-02-13 15:23:32 - airbnb_api - INFO - Login attempt for user: ravindra.kemble@simplelogic.in
2026-02-13 15:23:32 - airbnb_api - INFO - Login successful for user: ravindra.kemble@simplelogic.in
2026-02-13 15:23:32 - airbnb_api - INFO - Response: 200 - Time: 0.346s
2026-02-13 15:24:00 - airbnb_api - INFO - Request: GET /bookings/bookings_list
2026-02-13 15:24:00 - airbnb_api - INFO - Client: 127.0.0.1
2026-02-13 15:24:00 - airbnb_api - INFO - Response: 200 - Time: 0.023s
2026-02-13 15:27:02 - airbnb_api - INFO - API shutting down
2026-02-13 15:27:05 - airbnb_api - INFO - Starting TravelHub API...
2026-02-13 15:27:05 - airbnb_api - INFO - Background scheduler started
2026-02-13 15:27:05 - airbnb_api - INFO - API startup complete
2026-02-13 15:27:08 - airbnb_api - INFO - API shutting down
2026-02-13 15:27:10 - airbnb_api - INFO - Starting TravelHub API...
2026-02-13 15:27:10 - airbnb_api - INFO - Background scheduler started
2026-02-13 15:27:10 - airbnb_api - INFO - API startup complete
2026-02-13 15:27:14 - airbnb_api - INFO - API shutting down
2026-02-13 15:27:17 - airbnb_api - INFO - Starting TravelHub API...
2026-02-13 15:27:17 - airbnb_api - INFO - Background scheduler started
2026-02-13 15:27:17 - airbnb_api - INFO - API startup complete
2026-02-13 15:27:22 - airbnb_api - INFO - API shutting down
2026-02-13 15:27:25 - airbnb_api - INFO - Starting TravelHub API...
2026-02-13 15:27:25 - airbnb_api - INFO - Background scheduler started
2026-02-13 15:27:25 - airbnb_api - INFO - API startup complete
2026-02-13 15:29:16 - airbnb_api - INFO - API shutting down
2026-02-13 15:29:18 - airbnb_api - INFO - Starting TravelHub API...
2026-02-13 15:29:18 - airbnb_api - INFO - Background scheduler started
2026-02-13 15:29:18 - airbnb_api - INFO - API startup complete
2026-02-13 15:30:13 - airbnb_api - INFO - API shutting down
2026-02-13 15:30:14 - airbnb_api - INFO - Starting TravelHub API...
2026-02-13 15:30:14 - airbnb_api - INFO - Background scheduler started
2026-02-13 15:30:14 - airbnb_api - INFO - API startup complete
2026-02-13 15:30:23 - airbnb_api - INFO - Request: GET /bookings/bookings_list
2026-02-13 15:30:23 - airbnb_api - INFO - Client: 127.0.0.1
2026-02-13 15:30:23 - airbnb_api - INFO - Response: 200 - Time: 0.348s
2026-02-13 15:30:46 - airbnb_api - INFO - Request: GET /bookings/bookings_details
2026-02-13 15:30:46 - airbnb_api - INFO - Client: 127.0.0.1
2026-02-13 15:30:46 - airbnb_api - INFO - Response: 200 - Time: 0.052s
2026-02-13 15:33:06 - airbnb_api - INFO - API shutting down
2026-02-13 15:33:09 - airbnb_api - INFO - Starting TravelHub API...
2026-02-13 15:33:09 - airbnb_api - INFO - Background scheduler started
2026-02-13 15:33:09 - airbnb_api - INFO - API startup complete
2026-02-13 15:33:10 - airbnb_api - INFO - Request: GET /bookings/bookings_details
2026-02-13 15:33:10 - airbnb_api - INFO - Client: 127.0.0.1
2026-02-13 15:33:10 - airbnb_api - INFO - Response: 200 - Time: 0.215s
2026-02-13 15:34:01 - airbnb_api - INFO - API shutting down
2026-02-13 15:34:04 - airbnb_api - INFO - Starting TravelHub API...
2026-02-13 15:34:04 - airbnb_api - INFO - Background scheduler started
2026-02-13 15:34:04 - airbnb_api - INFO - API startup complete
2026-02-13 15:34:05 - airbnb_api - INFO - Request: GET /bookings/bookings_details
2026-02-13 15:34:05 - airbnb_api - INFO - Client: 127.0.0.1
2026-02-13 15:34:05 - airbnb_api - INFO - Response: 200 - Time: 0.246s
2026-02-13 15:35:11 - airbnb_api - INFO - API shutting down
2026-02-13 15:35:14 - airbnb_api - INFO - Starting TravelHub API...
2026-02-13 15:35:14 - airbnb_api - INFO - Background scheduler started
2026-02-13 15:35:14 - airbnb_api - INFO - API startup complete
2026-02-13 15:35:15 - airbnb_api - INFO - Request: GET /bookings/bookings_details
2026-02-13 15:35:15 - airbnb_api - INFO - Client: 127.0.0.1
2026-02-13 15:35:15 - airbnb_api - INFO - Response: 200 - Time: 0.140s
2026-02-13 15:38:48 - airbnb_api - INFO - API shutting down
2026-02-13 15:38:51 - airbnb_api - INFO - Starting TravelHub API...
2026-02-13 15:38:51 - airbnb_api - INFO - Background scheduler started
2026-02-13 15:38:51 - airbnb_api - INFO - API startup complete
2026-02-13 15:40:58 - airbnb_api - INFO - API shutting down
2026-02-13 15:41:02 - airbnb_api - INFO - Starting TravelHub API...
2026-02-13 15:41:02 - airbnb_api - INFO - Background scheduler started
2026-02-13 15:41:02 - airbnb_api - INFO - API startup complete
2026-02-13 15:41:06 - airbnb_api - INFO - Request: GET /bookings/bookings_list
2026-02-13 15:41:06 - airbnb_api - INFO - Client: 127.0.0.1
2026-02-13 15:41:06 - airbnb_api - INFO - Response: 401 - Time: 0.026s
2026-02-13 15:41:12 - airbnb_api - INFO - Request: POST /auth/login
2026-02-13 15:41:12 - airbnb_api - INFO - Client: 127.0.0.1
2026-02-13 15:41:12 - airbnb_api - INFO - Login attempt for user: ravindra.kemble@simplelogic.in
2026-02-13 15:41:12 - airbnb_api - INFO - Login successful for user: ravindra.kemble@simplelogic.in
2026-02-13 15:41:12 - airbnb_api - INFO - Response: 200 - Time: 0.235s
2026-02-13 15:41:32 - airbnb_api - INFO - Request: GET /bookings/bookings_list
2026-02-13 15:41:32 - airbnb_api - INFO - Client: 127.0.0.1
2026-02-13 15:41:32 - airbnb_api - ERROR - Error: 'list' object has no attribute 'id' - Time: 0.037s
2026-02-13 15:43:01 - airbnb_api - INFO - API shutting down
2026-02-13 15:43:04 - airbnb_api - INFO - Starting TravelHub API...
2026-02-13 15:43:04 - airbnb_api - INFO - Background scheduler started
2026-02-13 15:43:04 - airbnb_api - INFO - API startup complete
2026-02-13 15:43:06 - airbnb_api - INFO - Request: GET /bookings/bookings_list
2026-02-13 15:43:06 - airbnb_api - INFO - Client: 127.0.0.1
2026-02-13 15:43:06 - airbnb_api - ERROR - Error: cannot access local variable 'booking' where it is not associated with a value - Time: 0.136s
2026-02-13 15:44:09 - airbnb_api - INFO - API shutting down
2026-02-13 15:44:11 - airbnb_api - INFO - Starting TravelHub API...
2026-02-13 15:44:11 - airbnb_api - INFO - Background scheduler started
2026-02-13 15:44:11 - airbnb_api - INFO - API startup complete
2026-02-13 15:44:15 - airbnb_api - INFO - API shutting down
2026-02-13 15:44:17 - airbnb_api - INFO - Starting TravelHub API...
2026-02-13 15:44:17 - airbnb_api - INFO - Background scheduler started
2026-02-13 15:44:17 - airbnb_api - INFO - API startup complete
2026-02-13 15:44:38 - airbnb_api - INFO - API shutting down
2026-02-13 15:44:40 - airbnb_api - INFO - Starting TravelHub API...
2026-02-13 15:44:40 - airbnb_api - INFO - Background scheduler started
2026-02-13 15:44:40 - airbnb_api - INFO - API startup complete
2026-02-13 15:44:40 - airbnb_api - INFO - Request: GET /bookings/bookings_list
2026-02-13 15:44:40 - airbnb_api - INFO - Client: 127.0.0.1
2026-02-13 15:44:40 - airbnb_api - ERROR - Error: 'NoneType' object has no attribute 'id' - Time: 0.098s
2026-02-13 15:46:48 - airbnb_api - INFO - API shutting down
2026-02-13 15:46:51 - airbnb_api - INFO - Starting TravelHub API...
2026-02-13 15:46:51 - airbnb_api - INFO - Background scheduler started
2026-02-13 15:46:51 - airbnb_api - INFO - API startup complete
2026-02-13 15:46:57 - airbnb_api - INFO - API shutting down
2026-02-13 15:46:58 - airbnb_api - INFO - Starting TravelHub API...
2026-02-13 15:46:58 - airbnb_api - INFO - Background scheduler started
2026-02-13 15:46:58 - airbnb_api - INFO - API startup complete
2026-02-13 15:47:01 - airbnb_api - INFO - Starting TravelHub API...
2026-02-13 15:47:01 - airbnb_api - INFO - Background scheduler started
2026-02-13 15:47:01 - airbnb_api - INFO - API startup complete
2026-02-13 15:47:02 - airbnb_api - INFO - Starting TravelHub API...
2026-02-13 15:47:02 - airbnb_api - INFO - Background scheduler started
2026-02-13 15:47:02 - airbnb_api - INFO - API startup complete
2026-02-13 15:47:02 - airbnb_api - INFO - Request: GET /bookings/bookings_list
2026-02-13 15:47:02 - airbnb_api - INFO - Client: 127.0.0.1
2026-02-13 15:47:03 - airbnb_api - INFO - Response: 200 - Time: 0.166s
2026-02-13 15:47:33 - airbnb_api - INFO - API shutting down
2026-02-13 15:47:36 - airbnb_api - INFO - Starting TravelHub API...
2026-02-13 15:47:36 - airbnb_api - INFO - Background scheduler started
2026-02-13 15:47:36 - airbnb_api - INFO - API startup complete
2026-02-13 16:13:41 - airbnb_api - INFO - API shutting down
2026-02-13 16:13:48 - airbnb_api - INFO - Starting TravelHub API...
2026-02-13 16:13:48 - airbnb_api - INFO - Background scheduler started
2026-02-13 16:13:48 - airbnb_api - INFO - API startup complete
2026-02-13 16:13:48 - airbnb_api - INFO - Request: GET /bookings/bookings_list
2026-02-13 16:13:48 - airbnb_api - INFO - Client: 127.0.0.1
2026-02-13 16:13:48 - airbnb_api - INFO - Response: 401 - Time: 0.023s
2026-02-13 16:16:12 - airbnb_api - INFO - API shutting down
2026-02-13 16:16:17 - airbnb_api - INFO - Starting TravelHub API...
2026-02-13 16:16:17 - airbnb_api - INFO - Background scheduler started
2026-02-13 16:16:17 - airbnb_api - INFO - API startup complete
2026-02-13 16:16:17 - airbnb_api - INFO - Request: GET /bookings/bookings_list
2026-02-13 16:16:17 - airbnb_api - INFO - Client: 127.0.0.1
2026-02-13 16:16:17 - airbnb_api - INFO - Response: 401 - Time: 0.010s
2026-02-13 16:16:23 - airbnb_api - INFO - Request: POST /auth/login
2026-02-13 16:16:23 - airbnb_api - INFO - Client: 127.0.0.1
2026-02-13 16:16:23 - airbnb_api - INFO - Login attempt for user: ravindra.kemble@simplelogic.in
2026-02-13 16:16:23 - airbnb_api - INFO - Login successful for user: ravindra.kemble@simplelogic.in
2026-02-13 16:16:23 - airbnb_api - INFO - Response: 200 - Time: 0.386s
2026-02-13 16:16:51 - airbnb_api - INFO - Request: GET /bookings/bookings_list
2026-02-13 16:16:51 - airbnb_api - INFO - Client: 127.0.0.1
2026-02-13 16:16:51 - airbnb_api - INFO - Response: 200 - Time: 0.081s
2026-02-13 18:42:45 - airbnb_api - INFO - Request: GET /docs
2026-02-13 18:42:45 - airbnb_api - INFO - Client: 127.0.0.1
2026-02-13 18:42:45 - airbnb_api - INFO - Response: 200 - Time: 0.110s
2026-02-13 18:42:46 - airbnb_api - INFO - Request: GET /openapi.json
2026-02-13 18:42:46 - airbnb_api - INFO - Client: 127.0.0.1
2026-02-13 18:42:46 - airbnb_api - INFO - Response: 200 - Time: 0.565s
2026-02-13 18:47:48 - airbnb_api - INFO - Request: GET /docs
2026-02-13 18:47:48 - airbnb_api - INFO - Client: 127.0.0.1
2026-02-13 18:47:48 - airbnb_api - INFO - Response: 200 - Time: 0.054s
2026-02-13 18:47:48 - airbnb_api - INFO - Request: GET /openapi.json
2026-02-13 18:47:48 - airbnb_api - INFO - Client: 127.0.0.1
2026-02-13 18:47:48 - airbnb_api - INFO - Response: 200 - Time: 0.014s
2026-02-13 18:50:51 - airbnb_api - INFO - API shutting down
2026-02-13 18:50:57 - airbnb_api - INFO - Starting TravelHub API...
2026-02-13 18:50:57 - airbnb_api - INFO - Background scheduler started
2026-02-13 18:50:57 - airbnb_api - INFO - API startup complete
2026-02-13 18:57:17 - airbnb_api - INFO - API shutting down
2026-02-13 18:57:22 - airbnb_api - INFO - Starting TravelHub API...
2026-02-13 18:57:22 - airbnb_api - INFO - Background scheduler started
2026-02-13 18:57:22 - airbnb_api - INFO - API startup complete
2026-02-13 19:00:17 - airbnb_api - INFO - API shutting down
2026-02-13 19:00:21 - airbnb_api - INFO - Starting TravelHub API...
2026-02-13 19:00:21 - airbnb_api - INFO - Background scheduler started
2026-02-13 19:00:21 - airbnb_api - INFO - API startup complete
2026-02-13 19:00:21 - airbnb_api - INFO - Request: GET /docs
2026-02-13 19:00:21 - airbnb_api - INFO - Client: 127.0.0.1
2026-02-13 19:00:21 - airbnb_api - INFO - Response: 200 - Time: 0.001s
2026-02-13 19:00:21 - airbnb_api - INFO - Request: GET /openapi.json
2026-02-13 19:00:21 - airbnb_api - INFO - Client: 127.0.0.1
2026-02-13 19:00:21 - airbnb_api - INFO - Response: 200 - Time: 0.062s
2026-02-13 19:00:59 - airbnb_api - INFO - Request: POST /auth/login
2026-02-13 19:00:59 - airbnb_api - INFO - Client: 127.0.0.1
2026-02-13 19:00:59 - airbnb_api - INFO - Request Body: {
  "email": "ravindra.kemble@simplelogic.in",
  "password": "1122344"
}
2026-02-13 19:00:59 - airbnb_api - ERROR - Error: 'Login' object has no attribute 'username' - Time: 0.016s
2026-02-13 19:03:06 - airbnb_api - INFO - API shutting down
2026-02-13 19:03:09 - airbnb_api - INFO - Starting TravelHub API...
2026-02-13 19:03:09 - airbnb_api - INFO - Background scheduler started
2026-02-13 19:03:09 - airbnb_api - INFO - API startup complete
2026-02-13 19:03:15 - airbnb_api - INFO - Request: POST /auth/login
2026-02-13 19:03:15 - airbnb_api - INFO - Client: 127.0.0.1
2026-02-13 19:03:15 - airbnb_api - INFO - Request Body: {
  "email": "ravindra.kemble@simplelogic.in",
  "password": "1122344"
}
2026-02-13 19:03:15 - airbnb_api - INFO - Login attempt for user: ravindra.kemble@simplelogic.in
2026-02-13 19:03:16 - airbnb_api - INFO - Login successful for user: ravindra.kemble@simplelogic.in
2026-02-13 19:03:16 - airbnb_api - INFO - Response: 200 - Time: 0.360s
2026-02-13 19:05:29 - airbnb_api - INFO - Request: GET /hotels/
2026-02-13 19:05:29 - airbnb_api - INFO - Client: 127.0.0.1
2026-02-13 19:05:29 - airbnb_api - INFO - Fetching hotels list, city filter: Mumbai
2026-02-13 19:05:29 - airbnb_api - INFO - Returned 1 hotels
2026-02-13 19:05:29 - airbnb_api - INFO - Response: 200 - Time: 0.117s
2026-02-13 19:13:52 - airbnb_api - INFO - API shutting down
2026-02-13 19:13:58 - airbnb_api - INFO - Starting TravelHub API...
2026-02-13 19:13:58 - airbnb_api - INFO - Background scheduler started
2026-02-13 19:13:58 - airbnb_api - INFO - API startup complete
2026-02-13 19:15:18 - airbnb_api - INFO - API shutting down
2026-02-13 19:15:23 - airbnb_api - INFO - Starting TravelHub API...
2026-02-13 19:15:23 - airbnb_api - INFO - Background scheduler started
2026-02-13 19:15:23 - airbnb_api - INFO - API startup complete
2026-02-13 19:15:30 - airbnb_api - INFO - API shutting down
2026-02-13 19:17:29 - airbnb_api - INFO - Starting TravelHub API...
2026-02-13 19:17:29 - airbnb_api - INFO - Background scheduler started
2026-02-13 19:17:29 - airbnb_api - INFO - API startup complete
2026-02-13 19:17:41 - airbnb_api - INFO - API shutting down
2026-02-13 19:17:45 - airbnb_api - INFO - Starting TravelHub API...
2026-02-13 19:17:45 - airbnb_api - INFO - Background scheduler started
2026-02-13 19:17:45 - airbnb_api - INFO - API startup complete
2026-02-13 19:18:07 - airbnb_api - INFO - API shutting down
2026-02-13 19:18:11 - airbnb_api - INFO - Starting TravelHub API...
2026-02-13 19:18:11 - airbnb_api - INFO - Background scheduler started
2026-02-13 19:18:11 - airbnb_api - INFO - API startup complete
2026-02-13 19:19:02 - airbnb_api - INFO - API shutting down
2026-02-13 19:19:06 - airbnb_api - INFO - Starting TravelHub API...
2026-02-13 19:19:06 - airbnb_api - INFO - Background scheduler started
2026-02-13 19:19:06 - airbnb_api - INFO - API startup complete
2026-02-13 19:19:54 - airbnb_api - INFO - API shutting down
2026-02-13 19:19:58 - airbnb_api - INFO - Starting TravelHub API...
2026-02-13 19:19:58 - airbnb_api - INFO - Background scheduler started
2026-02-13 19:19:58 - airbnb_api - INFO - API startup complete
2026-02-13 19:20:03 - airbnb_api - INFO - API shutting down
2026-02-13 19:20:05 - airbnb_api - INFO - Starting TravelHub API...
2026-02-13 19:20:05 - airbnb_api - INFO - Background scheduler started
2026-02-13 19:20:05 - airbnb_api - INFO - API startup complete
2026-02-13 19:22:40 - airbnb_api - INFO - API shutting down
2026-02-13 19:22:45 - airbnb_api - INFO - Starting TravelHub API...
2026-02-13 19:22:45 - airbnb_api - INFO - Background scheduler started
2026-02-13 19:22:45 - airbnb_api - INFO - API startup complete
2026-02-13 19:22:53 - airbnb_api - INFO - API shutting down
2026-02-13 19:22:55 - airbnb_api - INFO - Starting TravelHub API...
2026-02-13 19:22:55 - airbnb_api - INFO - Background scheduler started
2026-02-13 19:22:55 - airbnb_api - INFO - API startup complete
2026-02-13 19:24:39 - airbnb_api - INFO - API shutting down
2026-02-13 19:24:42 - airbnb_api - INFO - Starting TravelHub API...
2026-02-13 19:24:42 - airbnb_api - INFO - Background scheduler started
2026-02-13 19:24:42 - airbnb_api - INFO - API startup complete
2026-02-13 19:25:07 - airbnb_api - INFO - Request: GET /docs
2026-02-13 19:25:07 - airbnb_api - INFO - Client: 127.0.0.1
2026-02-13 19:25:07 - airbnb_api - INFO - Response: 200 - Time: 0.002s
2026-02-13 19:25:08 - airbnb_api - INFO - Request: GET /openapi.json
2026-02-13 19:25:08 - airbnb_api - INFO - Client: 127.0.0.1
2026-02-13 19:25:08 - airbnb_api - INFO - Response: 200 - Time: 0.155s
2026-02-13 19:26:13 - airbnb_api - INFO - API shutting down
2026-02-13 19:26:17 - airbnb_api - INFO - Starting TravelHub API...
2026-02-13 19:26:17 - airbnb_api - INFO - Background scheduler started
2026-02-13 19:26:17 - airbnb_api - INFO - API startup complete
2026-02-13 19:26:17 - airbnb_api - INFO - Request: GET /docs
2026-02-13 19:26:17 - airbnb_api - INFO - Client: 127.0.0.1
2026-02-13 19:26:17 - airbnb_api - INFO - Response: 200 - Time: 0.000s
2026-02-13 19:26:18 - airbnb_api - INFO - Request: GET /openapi.json
2026-02-13 19:26:18 - airbnb_api - INFO - Client: 127.0.0.1
2026-02-13 19:26:18 - airbnb_api - INFO - Response: 200 - Time: 0.101s
2026-02-13 19:27:05 - airbnb_api - INFO - Request: POST /auth/login
2026-02-13 19:27:05 - airbnb_api - INFO - Client: 127.0.0.1
2026-02-13 19:27:05 - airbnb_api - INFO - Request Body: {
  "email": "ravindra.kemble@simplelogic.in",
  "password": "1122344"
}
2026-02-13 19:27:06 - airbnb_api - ERROR - Error: name 'response' is not defined - Time: 0.679s
2026-02-13 19:30:57 - airbnb_api - INFO - API shutting down
2026-02-13 19:31:02 - airbnb_api - INFO - Starting TravelHub API...
2026-02-13 19:31:02 - airbnb_api - INFO - Background scheduler started
2026-02-13 19:31:02 - airbnb_api - INFO - API startup complete
2026-02-13 19:31:02 - airbnb_api - INFO - Request: POST /auth/login
2026-02-13 19:31:02 - airbnb_api - INFO - Client: 127.0.0.1
2026-02-13 19:31:02 - airbnb_api - INFO - Request Body: {
  "email": "ravindra.kemble@simplelogic.in",
  "password": "1122344"
}
2026-02-13 19:31:02 - airbnb_api - INFO - Response: 422 - Time: 0.020s
2026-02-13 19:37:33 - airbnb_api - INFO - API shutting down
2026-02-13 19:37:37 - airbnb_api - INFO - Starting TravelHub API...
2026-02-13 19:37:37 - airbnb_api - INFO - Background scheduler started
2026-02-13 19:37:37 - airbnb_api - INFO - API startup complete
2026-02-13 19:37:38 - airbnb_api - INFO - Request: POST /auth/login
2026-02-13 19:37:38 - airbnb_api - INFO - Client: 127.0.0.1
2026-02-13 19:37:38 - airbnb_api - INFO - Request Body: {
  "email": "ravindra.kemble@simplelogic.in",
  "password": "1122344"
}
2026-02-13 19:37:39 - airbnb_api - ERROR - Error: Response.set_cookie() missing 1 required positional argument: 'self' - Time: 0.299s
2026-02-13 19:38:10 - airbnb_api - INFO - API shutting down
2026-02-13 19:38:14 - airbnb_api - INFO - Starting TravelHub API...
2026-02-13 19:38:14 - airbnb_api - INFO - Background scheduler started
2026-02-13 19:38:14 - airbnb_api - INFO - API startup complete
2026-02-13 19:38:14 - airbnb_api - INFO - Request: POST /auth/login
2026-02-13 19:38:14 - airbnb_api - INFO - Client: 127.0.0.1
2026-02-13 19:38:14 - airbnb_api - INFO - Request Body: {
  "email": "ravindra.kemble@simplelogic.in",
  "password": "1122344"
}
2026-02-13 19:38:14 - airbnb_api - INFO - Response: 200 - Time: 0.192s
2026-02-13 19:39:13 - airbnb_api - INFO - Request: GET /docs
2026-02-13 19:39:13 - airbnb_api - INFO - Client: 127.0.0.1
2026-02-13 19:39:13 - airbnb_api - INFO - Response: 200 - Time: 0.003s
2026-02-13 19:39:13 - airbnb_api - INFO - Request: GET /openapi.json
2026-02-13 19:39:13 - airbnb_api - INFO - Client: 127.0.0.1
2026-02-13 19:39:13 - airbnb_api - INFO - Response: 200 - Time: 0.085s
2026-02-13 19:52:20 - airbnb_api - INFO - API shutting down
2026-02-13 19:52:35 - airbnb_api - INFO - Starting TravelHub API...
2026-02-13 19:52:35 - airbnb_api - INFO - Background scheduler started
2026-02-13 19:52:35 - airbnb_api - INFO - API startup complete
2026-02-13 19:53:47 - airbnb_api - INFO - Request: GET /invoice/bookings/f434bdc7-d57c-4ca4-bf38-527ca7d270f2/invoice
2026-02-13 19:53:47 - airbnb_api - INFO - Client: 127.0.0.1
2026-02-13 19:53:47 - airbnb_api - INFO - Response: 401 - Time: 0.177s
2026-02-13 19:54:12 - airbnb_api - INFO - Request: POST /auth/login
2026-02-13 19:54:12 - airbnb_api - INFO - Client: 127.0.0.1
2026-02-13 19:54:12 - airbnb_api - INFO - Request Body: {
  "email": "ravindra.kemble@simplelogic.in",
  "password": "1122344"
}
2026-02-13 19:54:13 - airbnb_api - INFO - Response: 200 - Time: 1.079s
2026-02-13 19:54:30 - airbnb_api - INFO - Request: GET /invoice/bookings/f434bdc7-d57c-4ca4-bf38-527ca7d270f2/invoice
2026-02-13 19:54:30 - airbnb_api - INFO - Client: 127.0.0.1
2026-02-13 19:54:30 - airbnb_api - ERROR - Error: generate_invoice_pdf() missing 1 required positional argument: 'company' - Time: 0.059s
2026-02-13 19:57:20 - airbnb_api - INFO - API shutting down
2026-02-13 19:57:26 - airbnb_api - INFO - Starting TravelHub API...
2026-02-13 19:57:26 - airbnb_api - INFO - Background scheduler started
2026-02-13 19:57:26 - airbnb_api - INFO - API startup complete
2026-02-13 20:00:31 - airbnb_api - INFO - API shutting down
2026-02-13 20:00:36 - airbnb_api - INFO - Starting TravelHub API...
2026-02-13 20:00:36 - airbnb_api - INFO - Background scheduler started
2026-02-13 20:00:36 - airbnb_api - INFO - API startup complete
2026-02-13 20:00:40 - airbnb_api - INFO - Request: GET /invoice/bookings/f434bdc7-d57c-4ca4-bf38-527ca7d270f2/invoice
2026-02-13 20:00:40 - airbnb_api - INFO - Client: 127.0.0.1
2026-02-13 20:00:40 - airbnb_api - ERROR - Error: 'dict' object has no attribute 'booking_details' - Time: 0.200s
2026-02-13 20:01:09 - airbnb_api - INFO - API shutting down
2026-02-13 20:01:11 - airbnb_api - INFO - Starting TravelHub API...
2026-02-13 20:01:11 - airbnb_api - INFO - Background scheduler started
2026-02-13 20:01:11 - airbnb_api - INFO - API startup complete
2026-02-16 15:08:37 - airbnb_api - INFO - Starting TravelHub API...
2026-02-16 15:08:37 - airbnb_api - INFO - Background scheduler started
2026-02-16 15:08:37 - airbnb_api - INFO - API startup complete
2026-02-16 15:08:38 - airbnb_api - INFO - Request: GET /hotels/
2026-02-16 15:08:38 - airbnb_api - INFO - Client: 127.0.0.1
2026-02-16 15:08:38 - airbnb_api - INFO - Fetching hotels list, city filter: Mumbai
2026-02-16 15:08:39 - airbnb_api - INFO - Returned 1 hotels
2026-02-16 15:08:39 - airbnb_api - INFO - Response: 200 - Time: 0.414s
2026-02-16 15:08:39 - airbnb_api - INFO - Request: GET /hotels/
2026-02-16 15:08:39 - airbnb_api - INFO - Client: 127.0.0.1
2026-02-16 15:08:39 - airbnb_api - INFO - Fetching hotels list, city filter: Mumbai
2026-02-16 15:08:39 - airbnb_api - INFO - Returned 1 hotels
2026-02-16 15:08:39 - airbnb_api - INFO - Response: 200 - Time: 0.009s
2026-02-16 15:08:39 - airbnb_api - INFO - Request: GET /hotels/
2026-02-16 15:08:39 - airbnb_api - INFO - Client: 127.0.0.1
2026-02-16 15:08:39 - airbnb_api - INFO - Fetching hotels list, city filter: Mumbai
2026-02-16 15:08:39 - airbnb_api - INFO - Returned 1 hotels
2026-02-16 15:08:39 - airbnb_api - INFO - Response: 200 - Time: 0.009s
2026-02-16 15:08:40 - airbnb_api - INFO - Request: GET /hotels/
2026-02-16 15:08:40 - airbnb_api - INFO - Client: 127.0.0.1
2026-02-16 15:08:40 - airbnb_api - INFO - Fetching hotels list, city filter: Mumbai
2026-02-16 15:08:40 - airbnb_api - INFO - Returned 1 hotels
2026-02-16 15:08:40 - airbnb_api - INFO - Response: 200 - Time: 0.008s
2026-02-16 15:08:40 - airbnb_api - INFO - Request: GET /hotels/
2026-02-16 15:08:40 - airbnb_api - INFO - Client: 127.0.0.1
2026-02-16 15:08:40 - airbnb_api - INFO - Fetching hotels list, city filter: Mumbai
2026-02-16 15:08:40 - airbnb_api - INFO - Returned 1 hotels
2026-02-16 15:08:40 - airbnb_api - INFO - Response: 200 - Time: 0.144s
2026-02-16 15:08:50 - airbnb_api - INFO - Request: GET /hotels/
2026-02-16 15:08:50 - airbnb_api - INFO - Client: 127.0.0.1
2026-02-16 15:08:50 - airbnb_api - INFO - Fetching hotels list, city filter: Mumbai
2026-02-16 15:08:50 - airbnb_api - INFO - Returned 1 hotels
2026-02-16 15:08:50 - airbnb_api - INFO - Response: 200 - Time: 0.000s
2026-02-16 15:08:50 - airbnb_api - INFO - Request: GET /hotels/
2026-02-16 15:08:50 - airbnb_api - INFO - Client: 127.0.0.1
2026-02-16 15:08:50 - airbnb_api - INFO - Fetching hotels list, city filter: Mumbai
2026-02-16 15:08:50 - airbnb_api - INFO - Returned 1 hotels
2026-02-16 15:08:50 - airbnb_api - INFO - Response: 200 - Time: 0.032s
2026-02-16 15:08:50 - airbnb_api - INFO - Request: GET /hotels/
2026-02-16 15:08:50 - airbnb_api - INFO - Client: 127.0.0.1
2026-02-16 15:08:50 - airbnb_api - INFO - Fetching hotels list, city filter: Mumbai
2026-02-16 15:08:50 - airbnb_api - INFO - Returned 1 hotels
2026-02-16 15:08:50 - airbnb_api - INFO - Response: 200 - Time: 0.019s
2026-02-16 15:08:50 - airbnb_api - INFO - Request: GET /hotels/
2026-02-16 15:08:50 - airbnb_api - INFO - Client: 127.0.0.1
2026-02-16 15:08:50 - airbnb_api - INFO - Fetching hotels list, city filter: Mumbai
2026-02-16 15:08:50 - airbnb_api - INFO - Returned 1 hotels
2026-02-16 15:08:50 - airbnb_api - INFO - Response: 200 - Time: 0.009s
2026-02-16 15:09:04 - airbnb_api - INFO - Request: POST /auth/login
2026-02-16 15:09:04 - airbnb_api - INFO - Client: 127.0.0.1
2026-02-16 15:09:04 - airbnb_api - INFO - Request Body: {"email":"ravindra.kemble@simplelogic.in","password":"1122344"}
2026-02-16 15:09:04 - airbnb_api - INFO - Request: POST /auth/login
2026-02-16 15:09:04 - airbnb_api - INFO - Client: 127.0.0.1
2026-02-16 15:09:04 - airbnb_api - INFO - Request Body: {"email":"ravindra.kemble@simplelogic.in","password":"1122344"}
2026-02-16 15:09:04 - airbnb_api - INFO - Response: 200 - Time: 0.339s
2026-02-16 15:09:04 - airbnb_api - INFO - Request: POST /auth/login
2026-02-16 15:09:04 - airbnb_api - INFO - Client: 127.0.0.1
2026-02-16 15:09:04 - airbnb_api - INFO - Request Body: {"email":"ravindra.kemble@simplelogic.in","password":"1122344"}
2026-02-16 15:09:04 - airbnb_api - INFO - Request: POST /auth/login
2026-02-16 15:09:04 - airbnb_api - INFO - Client: 127.0.0.1
2026-02-16 15:09:04 - airbnb_api - INFO - Request Body: {"email":"ravindra.kemble@simplelogic.in","password":"1122344"}
2026-02-16 15:09:04 - airbnb_api - INFO - Response: 200 - Time: 0.299s
2026-02-16 15:09:04 - airbnb_api - INFO - Response: 200 - Time: 0.236s
2026-02-16 15:09:04 - airbnb_api - INFO - Response: 200 - Time: 0.222s
2026-02-16 15:09:04 - airbnb_api - INFO - Request: POST /auth/login
2026-02-16 15:09:04 - airbnb_api - INFO - Client: 127.0.0.1
2026-02-16 15:09:04 - airbnb_api - INFO - Request Body: {"email":"ravindra.kemble@simplelogic.in","password":"1122344"}
2026-02-16 15:09:05 - airbnb_api - INFO - Request: POST /auth/login
2026-02-16 15:09:05 - airbnb_api - INFO - Client: 127.0.0.1
2026-02-16 15:09:05 - airbnb_api - INFO - Request Body: {"email":"ravindra.kemble@simplelogic.in","password":"1122344"}
2026-02-16 15:09:05 - airbnb_api - INFO - Response: 200 - Time: 0.205s
2026-02-16 15:09:05 - airbnb_api - INFO - Response: 200 - Time: 0.159s
2026-02-16 15:09:19 - airbnb_api - INFO - Request: GET /hotels/
2026-02-16 15:09:19 - airbnb_api - INFO - Client: 127.0.0.1
2026-02-16 15:09:19 - airbnb_api - INFO - Fetching hotels list, city filter: Mumbai
2026-02-16 15:09:19 - airbnb_api - INFO - Returned 1 hotels
2026-02-16 15:09:19 - airbnb_api - INFO - Response: 200 - Time: 0.043s
2026-02-16 15:09:22 - airbnb_api - INFO - Request: POST /bookings/search-availability
2026-02-16 15:09:22 - airbnb_api - INFO - Client: 127.0.0.1
2026-02-16 15:09:22 - airbnb_api - INFO - Request Body: {"hotel_id":"f3e24529-bd0a-4d3b-a4d8-bd9d3db7d98e","check_in":"2026-02-16","check_out":"2026-02-17"}
2026-02-16 15:09:23 - airbnb_api - INFO - Response: 200 - Time: 0.065s
2026-02-16 15:09:26 - airbnb_api - INFO - Request: POST /bookings/BookHotelRoom
2026-02-16 15:09:26 - airbnb_api - INFO - Client: 127.0.0.1
2026-02-16 15:09:26 - airbnb_api - INFO - Request Body: {"hotel_id":"f3e24529-bd0a-4d3b-a4d8-bd9d3db7d98e","room_id":"6180a4dc-093e-4977-a079-779951e2c903","check_in":"2026-02-16","check_out":"2026-02-17"}
2026-02-16 15:09:26 - airbnb_api - INFO - Response: 200 - Time: 0.076s
2026-02-16 15:09:26 - airbnb_api - INFO - Request: GET /bookings/bookings_list
2026-02-16 15:09:26 - airbnb_api - INFO - Client: 127.0.0.1
2026-02-16 15:09:26 - airbnb_api - INFO - Response: 200 - Time: 0.027s
2026-02-16 15:09:34 - airbnb_api - INFO - Request: GET /invoice/bookings/f434bdc7-d57c-4ca4-bf38-527ca7d270f2/invoice
2026-02-16 15:09:34 - airbnb_api - INFO - Client: 127.0.0.1
2026-02-16 15:09:34 - airbnb_api - ERROR - Error: 'dict' object has no attribute 'booking_details' - Time: 0.032s
2026-02-16 15:09:42 - airbnb_api - INFO - Request: GET /bookings/bookings_list
2026-02-16 15:09:42 - airbnb_api - INFO - Client: 127.0.0.1
2026-02-16 15:09:42 - airbnb_api - INFO - Response: 200 - Time: 0.028s
2026-02-16 15:09:43 - airbnb_api - INFO - Request: GET /bookings/bookings_list
2026-02-16 15:09:43 - airbnb_api - INFO - Client: 127.0.0.1
2026-02-16 15:09:43 - airbnb_api - INFO - Response: 200 - Time: 0.022s
2026-02-16 15:09:43 - airbnb_api - INFO - Request: GET /bookings/bookings_list
2026-02-16 15:09:43 - airbnb_api - INFO - Client: 127.0.0.1
2026-02-16 15:09:44 - airbnb_api - INFO - Response: 200 - Time: 0.050s
2026-02-16 15:09:58 - airbnb_api - INFO - Request: GET /hotels/
2026-02-16 15:09:58 - airbnb_api - INFO - Client: 127.0.0.1
2026-02-16 15:09:58 - airbnb_api - INFO - Fetching hotels list, city filter: Mumbai
2026-02-16 15:09:58 - airbnb_api - INFO - Returned 1 hotels
2026-02-16 15:09:58 - airbnb_api - INFO - Response: 200 - Time: 0.008s
2026-02-16 15:10:03 - airbnb_api - INFO - Request: POST /bookings/HotelRoomCancel/50f312e8-f77b-4a93-a2d1-b550c8777c80
2026-02-16 15:10:03 - airbnb_api - INFO - Client: 127.0.0.1
2026-02-16 15:10:03 - airbnb_api - INFO - Response: 400 - Time: 0.019s
2026-02-16 15:10:04 - airbnb_api - INFO - Request: POST /bookings/HotelRoomCancel/50f312e8-f77b-4a93-a2d1-b550c8777c80
2026-02-16 15:10:04 - airbnb_api - INFO - Client: 127.0.0.1
2026-02-16 15:10:04 - airbnb_api - INFO - Response: 400 - Time: 0.013s
2026-02-16 15:10:04 - airbnb_api - INFO - Request: POST /bookings/HotelRoomCancel/50f312e8-f77b-4a93-a2d1-b550c8777c80
2026-02-16 15:10:04 - airbnb_api - INFO - Client: 127.0.0.1
2026-02-16 15:10:04 - airbnb_api - INFO - Response: 400 - Time: 0.008s
2026-02-16 15:10:04 - airbnb_api - INFO - Request: POST /bookings/HotelRoomCancel/50f312e8-f77b-4a93-a2d1-b550c8777c80
2026-02-16 15:10:04 - airbnb_api - INFO - Client: 127.0.0.1
2026-02-16 15:10:04 - airbnb_api - INFO - Response: 400 - Time: 0.008s
2026-02-16 15:10:06 - airbnb_api - INFO - Request: POST /bookings/search-availability
2026-02-16 15:10:06 - airbnb_api - INFO - Client: 127.0.0.1
2026-02-16 15:10:06 - airbnb_api - INFO - Request Body: {"hotel_id":"f3e24529-bd0a-4d3b-a4d8-bd9d3db7d98e","check_in":"2026-02-20","check_out":"2026-02-17"}
2026-02-16 15:10:06 - airbnb_api - INFO - Response: 400 - Time: 0.000s
2026-02-16 15:10:07 - airbnb_api - INFO - Request: POST /bookings/search-availability
2026-02-16 15:10:07 - airbnb_api - INFO - Client: 127.0.0.1
2026-02-16 15:10:07 - airbnb_api - INFO - Request Body: {"hotel_id":"f3e24529-bd0a-4d3b-a4d8-bd9d3db7d98e","check_in":"2026-02-20","check_out":"2026-02-17"}
2026-02-16 15:10:07 - airbnb_api - INFO - Response: 400 - Time: 0.007s
2026-02-16 15:10:07 - airbnb_api - INFO - Request: POST /bookings/search-availability
2026-02-16 15:10:07 - airbnb_api - INFO - Client: 127.0.0.1
2026-02-16 15:10:07 - airbnb_api - INFO - Request Body: {"hotel_id":"f3e24529-bd0a-4d3b-a4d8-bd9d3db7d98e","check_in":"2026-02-20","check_out":"2026-02-17"}
2026-02-16 15:10:07 - airbnb_api - INFO - Response: 400 - Time: 0.035s
2026-02-24 19:18:29 - airbnb_api - INFO - Starting TravelHub API...
2026-02-24 19:18:29 - airbnb_api - INFO - Background scheduler started
2026-02-24 19:18:29 - airbnb_api - INFO - API startup complete
2026-02-24 19:18:33 - airbnb_api - INFO - Request: GET /
2026-02-24 19:18:33 - airbnb_api - INFO - Client: 127.0.0.1
2026-02-24 19:18:33 - airbnb_api - INFO - Response: 404 - Time: 0.002s
2026-02-24 19:18:33 - airbnb_api - INFO - Request: GET /favicon.ico
2026-02-24 19:18:33 - airbnb_api - INFO - Client: 127.0.0.1
2026-02-24 19:18:33 - airbnb_api - INFO - Response: 404 - Time: 0.003s
2026-02-24 19:18:38 - airbnb_api - INFO - Request: GET /docs
2026-02-24 19:18:38 - airbnb_api - INFO - Client: 127.0.0.1
2026-02-24 19:18:38 - airbnb_api - INFO - Response: 200 - Time: 0.001s
2026-02-24 19:18:40 - airbnb_api - INFO - Request: GET /openapi.json
2026-02-24 19:18:40 - airbnb_api - INFO - Client: 127.0.0.1
2026-02-24 19:18:40 - airbnb_api - INFO - Response: 200 - Time: 0.133s
2026-02-24 19:19:10 - airbnb_api - INFO - Request: POST /auth/login
2026-02-24 19:19:10 - airbnb_api - INFO - Client: 127.0.0.1
2026-02-24 19:19:10 - airbnb_api - INFO - Request Body: {
  "email": "ravindra.kemble@simplelogic.in",
  "password": "1122344"
}
2026-02-24 19:19:11 - airbnb_api - ERROR - Error: (pymysql.err.OperationalError) (1045, "Access denied for user 'ravindra.kemble'@'154.84.229.202' (using password: NO)")
(Background on this error at: https://sqlalche.me/e/20/e3q8) - Time: 1.149s
2026-02-24 19:21:33 - airbnb_api - INFO - API shutting down
2026-02-24 19:21:46 - airbnb_api - INFO - Starting TravelHub API...
2026-02-24 19:21:46 - airbnb_api - INFO - Background scheduler started
2026-02-24 19:21:46 - airbnb_api - INFO - API startup complete
2026-02-24 19:21:52 - airbnb_api - INFO - Request: POST /auth/login
2026-02-24 19:21:52 - airbnb_api - INFO - Client: 127.0.0.1
2026-02-24 19:21:52 - airbnb_api - INFO - Request Body: {
  "email": "ravindra.kemble@simplelogic.in",
  "password": "1122344"
}
2026-02-24 19:21:53 - airbnb_api - ERROR - Error: (pymysql.err.OperationalError) (2003, "Can't connect to MySQL server on '8898@travelhubdbserver.mysql.database.azure.com' ([Errno 11003] getaddrinfo failed)")
(Background on this error at: https://sqlalche.me/e/20/e3q8) - Time: 0.203s
2026-02-24 19:23:57 - airbnb_api - INFO - API shutting down
2026-02-24 19:24:11 - airbnb_api - INFO - Starting TravelHub API...
2026-02-24 19:24:11 - airbnb_api - INFO - Background scheduler started
2026-02-24 19:24:11 - airbnb_api - INFO - API startup complete
2026-02-24 19:24:13 - airbnb_api - INFO - Request: POST /auth/login
2026-02-24 19:24:13 - airbnb_api - INFO - Client: 127.0.0.1
2026-02-24 19:24:13 - airbnb_api - INFO - Request Body: {
  "email": "ravindra.kemble@simplelogic.in",
  "password": "1122344"
}
2026-02-24 19:24:13 - airbnb_api - ERROR - Error: (pymysql.err.OperationalError) (2003, "Can't connect to MySQL server on '8898@travelhubdbserver.mysql.database.azure.com' ([Errno 11003] getaddrinfo failed)")
(Background on this error at: https://sqlalche.me/e/20/e3q8) - Time: 0.152s
2026-02-24 19:36:13 - airbnb_api - INFO - Starting TravelHub API...
2026-02-24 19:36:13 - airbnb_api - INFO - Background scheduler started
2026-02-24 19:36:13 - airbnb_api - INFO - API startup complete
2026-02-24 19:36:30 - airbnb_api - INFO - Request: POST /auth/login
2026-02-24 19:36:31 - airbnb_api - INFO - Client: 127.0.0.1
2026-02-24 19:36:31 - airbnb_api - INFO - Request Body: {
  "email": "ravindra.kemble@simplelogic.in",
  "password": "1122344"
}
2026-02-24 19:36:31 - airbnb_api - ERROR - Error: 'cryptography' package is required for sha256_password or caching_sha2_password auth methods - Time: 0.480s
2026-02-24 19:38:55 - airbnb_api - INFO - API shutting down
2026-02-24 19:39:57 - airbnb_api - INFO - Starting TravelHub API...
2026-02-24 19:39:57 - airbnb_api - INFO - Background scheduler started
2026-02-24 19:39:57 - airbnb_api - INFO - API startup complete
2026-02-24 19:40:19 - airbnb_api - INFO - Request: POST /auth/login
2026-02-24 19:40:19 - airbnb_api - INFO - Client: 127.0.0.1
2026-02-24 19:40:19 - airbnb_api - INFO - Request Body: {
  "email": "ravindra.kemble@simplelogic.in",
  "password": "1122344"
}
2026-02-24 19:40:20 - airbnb_api - ERROR - Error: (pymysql.err.OperationalError) (1045, "Access denied for user 'ravindra123@travelhubdbserver'@'154.84.229.202' (using password: YES)")
(Background on this error at: https://sqlalche.me/e/20/e3q8) - Time: 1.067s
2026-02-25 10:45:56 - airbnb_api - INFO - API shutting down
2026-02-25 10:46:46 - airbnb_api - INFO - Starting TravelHub API...
2026-02-25 10:46:46 - airbnb_api - INFO - Background scheduler started
2026-02-25 10:46:46 - airbnb_api - INFO - API startup complete
2026-02-25 10:46:56 - airbnb_api - INFO - Request: POST /auth/login
2026-02-25 10:46:56 - airbnb_api - INFO - Client: 127.0.0.1
2026-02-25 10:46:56 - airbnb_api - INFO - Request Body: {
  "email": "ravindra.kemble@simplelogic.in",
  "password": "1122344"
}
2026-02-25 10:46:56 - airbnb_api - ERROR - Error: (pymysql.err.OperationalError) (1045, "Access denied for user 'ravindra123@travelhubdbserver'@'154.84.229.202' (using password: YES)")
(Background on this error at: https://sqlalche.me/e/20/e3q8) - Time: 0.234s
2026-02-25 10:51:47 - airbnb_api - INFO - API shutting down
2026-02-25 10:51:55 - airbnb_api - INFO - Starting TravelHub API...
2026-02-25 10:51:55 - airbnb_api - INFO - Background scheduler started
2026-02-25 10:51:55 - airbnb_api - INFO - API startup complete
2026-02-25 10:52:00 - airbnb_api - INFO - Request: POST /auth/login
2026-02-25 10:52:00 - airbnb_api - INFO - Client: 127.0.0.1
2026-02-25 10:52:00 - airbnb_api - INFO - Request Body: {
  "email": "ravindra.kemble@simplelogic.in",
  "password": "1122344"
}
2026-02-25 10:52:00 - airbnb_api - ERROR - Error: (pymysql.err.OperationalError) (3159, 'Connections using insecure transport are prohibited while --require_secure_transport=ON.')
(Background on this error at: https://sqlalche.me/e/20/e3q8) - Time: 0.094s
2026-02-25 10:54:06 - airbnb_api - INFO - API shutting down
2026-02-25 10:54:08 - airbnb_api - INFO - Starting TravelHub API...
2026-02-25 10:54:08 - airbnb_api - INFO - Background scheduler started
2026-02-25 10:54:08 - airbnb_api - INFO - API startup complete
2026-02-25 10:54:22 - airbnb_api - INFO - Request: POST /auth/login
2026-02-25 10:54:22 - airbnb_api - INFO - Client: 127.0.0.1
2026-02-25 10:54:22 - airbnb_api - INFO - Request Body: {
  "email": "ravindra.kemble@simplelogic.in",
  "password": "1122344"
}
2026-02-25 10:54:22 - airbnb_api - ERROR - Error: (pymysql.err.OperationalError) (3159, 'Connections using insecure transport are prohibited while --require_secure_transport=ON.')
(Background on this error at: https://sqlalche.me/e/20/e3q8) - Time: 0.074s
2026-02-25 10:54:29 - airbnb_api - INFO - API shutting down
2026-02-25 10:54:31 - airbnb_api - INFO - Starting TravelHub API...
2026-02-25 10:54:31 - airbnb_api - INFO - Background scheduler started
2026-02-25 10:54:31 - airbnb_api - INFO - API startup complete
2026-02-25 10:54:41 - airbnb_api - INFO - Request: POST /auth/login
2026-02-25 10:54:41 - airbnb_api - INFO - Client: 127.0.0.1
2026-02-25 10:54:41 - airbnb_api - INFO - Request Body: {
  "email": "ravindra.kemble@simplelogic.in",
  "password": "1122344"
}
2026-02-25 10:54:41 - airbnb_api - ERROR - Error: (pymysql.err.OperationalError) (3159, 'Connections using insecure transport are prohibited while --require_secure_transport=ON.')
(Background on this error at: https://sqlalche.me/e/20/e3q8) - Time: 0.107s
2026-02-25 10:54:52 - airbnb_api - INFO - Request: GET /hotels/
2026-02-25 10:54:52 - airbnb_api - INFO - Client: 127.0.0.1
2026-02-25 10:54:52 - airbnb_api - INFO - Fetching hotels list, city filter: Mumbai
2026-02-25 10:54:52 - airbnb_api - ERROR - Error: (pymysql.err.OperationalError) (3159, 'Connections using insecure transport are prohibited while --require_secure_transport=ON.')
(Background on this error at: https://sqlalche.me/e/20/e3q8) - Time: 0.057s
2026-02-25 10:58:51 - airbnb_api - INFO - API shutting down
2026-02-25 10:58:54 - airbnb_api - INFO - Starting TravelHub API...
2026-02-25 10:58:54 - airbnb_api - INFO - Background scheduler started
2026-02-25 10:58:54 - airbnb_api - INFO - API startup complete
2026-02-25 10:59:02 - airbnb_api - INFO - Request: GET /hotels/
2026-02-25 10:59:02 - airbnb_api - INFO - Client: 127.0.0.1
2026-02-25 10:59:02 - airbnb_api - INFO - Fetching hotels list, city filter: Mumbai
2026-02-25 10:59:02 - airbnb_api - ERROR - Error: 'set' object has no attribute 'get' - Time: 0.023s
2026-02-25 10:59:27 - airbnb_api - INFO - API shutting down
2026-02-25 10:59:29 - airbnb_api - INFO - Starting TravelHub API...
2026-02-25 10:59:29 - airbnb_api - INFO - Background scheduler started
2026-02-25 10:59:29 - airbnb_api - INFO - API startup complete
2026-02-25 10:59:38 - airbnb_api - INFO - Request: GET /hotels/
2026-02-25 10:59:38 - airbnb_api - INFO - Client: 127.0.0.1
2026-02-25 10:59:38 - airbnb_api - INFO - Fetching hotels list, city filter: Mumbai
2026-02-25 10:59:58 - airbnb_api - ERROR - Error: (pymysql.err.OperationalError) (2003, "Can't connect to MySQL server on 'travelhubdbserver.mysql.database.azure.com' (timed out)")
(Background on this error at: https://sqlalche.me/e/20/e3q8) - Time: 20.236s
2026-02-25 11:29:45 - airbnb_api - INFO - Request: GET /hotels/
2026-02-25 11:29:45 - airbnb_api - INFO - Client: 127.0.0.1
2026-02-25 11:29:45 - airbnb_api - INFO - Fetching hotels list, city filter: Mumbai
2026-02-25 11:29:45 - airbnb_api - ERROR - Error: (pymysql.err.OperationalError) (2003, "Can't connect to MySQL server on 'travelhubdbserver.mysql.database.azure.com' ([SSL: CERTIFICATE_VERIFY_FAILED] certificate verify failed: self signed certificate in certificate chain (_ssl.c:992))")
(Background on this error at: https://sqlalche.me/e/20/e3q8) - Time: 0.143s
2026-02-25 11:30:51 - airbnb_api - INFO - API shutting down
2026-02-25 11:30:54 - airbnb_api - INFO - Starting TravelHub API...
2026-02-25 11:30:54 - airbnb_api - INFO - Background scheduler started
2026-02-25 11:30:54 - airbnb_api - INFO - API startup complete
2026-02-25 11:31:21 - airbnb_api - INFO - Request: GET /hotels/
2026-02-25 11:31:21 - airbnb_api - INFO - Client: 127.0.0.1
2026-02-25 11:31:21 - airbnb_api - INFO - Fetching hotels list, city filter: Mumbai
2026-02-25 11:31:21 - airbnb_api - ERROR - Error: (pymysql.err.OperationalError) (2003, "Can't connect to MySQL server on 'travelhubdbserver.mysql.database.azure.com' ([SSL: CERTIFICATE_VERIFY_FAILED] certificate verify failed: self signed certificate in certificate chain (_ssl.c:992))")
(Background on this error at: https://sqlalche.me/e/20/e3q8) - Time: 0.366s
2026-02-25 11:32:40 - airbnb_api - INFO - API shutting down
2026-02-25 11:32:42 - airbnb_api - INFO - Starting TravelHub API...
2026-02-25 11:32:42 - airbnb_api - INFO - Background scheduler started
2026-02-25 11:32:42 - airbnb_api - INFO - API startup complete
2026-02-25 11:32:49 - airbnb_api - INFO - Request: GET /hotels/
2026-02-25 11:32:49 - airbnb_api - INFO - Client: 127.0.0.1
2026-02-25 11:32:49 - airbnb_api - INFO - Fetching hotels list, city filter: Mumbai
2026-02-25 11:32:49 - airbnb_api - INFO - Returned 1 hotels
2026-02-25 11:32:49 - airbnb_api - INFO - Response: 200 - Time: 0.286s
2026-02-25 11:33:37 - airbnb_api - INFO - Request: POST /auth/login
2026-02-25 11:33:37 - airbnb_api - INFO - Client: 127.0.0.1
2026-02-25 11:33:37 - airbnb_api - INFO - Request Body: {
  "email": "ravindra.kemble@simplelogic.in",
  "password": "1122344"
}
2026-02-25 11:33:38 - airbnb_api - INFO - Response: 200 - Time: 0.247s
2026-02-25 11:33:57 - airbnb_api - INFO - Request: GET /users/me
2026-02-25 11:33:57 - airbnb_api - INFO - Client: 127.0.0.1
2026-02-25 11:33:57 - airbnb_api - ERROR - Error: 1 validation error:
  {'type': 'missing', 'loc': ('response', 'full_name'), 'msg': 'Field required', 'input': <app.models.usersModel.User object at 0x00000249D19E52D0>}

  File "C:\Users\ravindra.kemble\Desktop\testing\AirBnB\app\api\users.py", line 12, in get_profile
    GET /users/me - Time: 0.078s
2026-02-25 11:34:22 - airbnb_api - INFO - Request: GET /users/
2026-02-25 11:34:22 - airbnb_api - INFO - Client: 127.0.0.1
2026-02-25 11:34:22 - airbnb_api - ERROR - Error: 2 validation errors:
  {'type': 'missing', 'loc': ('response', 0, 'full_name'), 'msg': 'Field required', 'input': <app.models.usersModel.User object at 0x00000249D1C2E810>}
  {'type': 'missing', 'loc': ('response', 1, 'full_name'), 'msg': 'Field required', 'input': <app.models.usersModel.User object at 0x00000249D1C2DC90>}

  File "C:\Users\ravindra.kemble\Desktop\testing\AirBnB\app\api\users.py", line 26, in list_users
    GET /users/ - Time: 0.089s
2026-02-25 11:35:00 - airbnb_api - INFO - Request: GET /users/me
2026-02-25 11:35:00 - airbnb_api - INFO - Client: 127.0.0.1
2026-02-25 11:35:01 - airbnb_api - ERROR - Error: 1 validation error:
  {'type': 'missing', 'loc': ('response', 'full_name'), 'msg': 'Field required', 'input': <app.models.usersModel.User object at 0x00000249D1C38610>}

  File "C:\Users\ravindra.kemble\Desktop\testing\AirBnB\app\api\users.py", line 12, in get_profile
    GET /users/me - Time: 0.105s
2026-02-25 11:38:12 - airbnb_api - INFO - API shutting down
2026-02-25 11:38:15 - airbnb_api - INFO - Starting TravelHub API...
2026-02-25 11:38:15 - airbnb_api - INFO - Background scheduler started
2026-02-25 11:38:15 - airbnb_api - INFO - API startup complete
2026-02-25 11:38:15 - airbnb_api - INFO - Request: GET /users/me
2026-02-25 11:38:15 - airbnb_api - INFO - Client: 127.0.0.1
2026-02-25 11:38:16 - airbnb_api - INFO - Response: 200 - Time: 0.354s
2026-02-25 12:05:24 - airbnb_api - INFO - Request: GET /users/
2026-02-25 12:05:24 - airbnb_api - INFO - Client: 127.0.0.1
2026-02-25 12:05:24 - airbnb_api - INFO - Response: 401 - Time: 0.146s
2026-02-25 12:39:12 - airbnb_api - INFO - API shutting down
